CRITICAL - 2020-10-30 01:38:31 --> Unable to connect to the database.
#0 C:\xampp\htdocs\ci4login\vendor\codeigniter4\framework\system\Database\BaseConnection.php(646): CodeIgniter\Database\BaseConnection->initialize()
#1 C:\xampp\htdocs\ci4login\vendor\codeigniter4\framework\system\Database\BaseBuilder.php(1860): CodeIgniter\Database\BaseConnection->query('SELECT *\nFROM `...', Array, false)
#2 C:\xampp\htdocs\ci4login\vendor\codeigniter4\framework\system\Model.php(462): CodeIgniter\Database\BaseBuilder->get()
#3 C:\xampp\htdocs\ci4login\app\Models\KomikModel.php(16): CodeIgniter\Model->findAll()
#4 C:\xampp\htdocs\ci4login\app\Controllers\Komik.php(21): App\Models\KomikModel->getKomik()
#5 C:\xampp\htdocs\ci4login\vendor\codeigniter4\framework\system\CodeIgniter.php(918): App\Controllers\Komik->index()
#6 C:\xampp\htdocs\ci4login\vendor\codeigniter4\framework\system\CodeIgniter.php(404): CodeIgniter\CodeIgniter->runController(Object(App\Controllers\Komik))
#7 C:\xampp\htdocs\ci4login\vendor\codeigniter4\framework\system\CodeIgniter.php(312): CodeIgniter\CodeIgniter->handleRequest(NULL, Object(Config\Cache), false)
#8 C:\xampp\htdocs\ci4login\public\index.php(45): CodeIgniter\CodeIgniter->run()
#9 C:\xampp\htdocs\ci4login\vendor\codeigniter4\framework\system\Commands\Server\rewrite.php(34): require_once('C:\\xampp\\htdocs...')
#10 {main}
CRITICAL - 2020-10-30 01:38:32 --> Uncaught ErrorException: print_r(): Property access is not allowed yet in C:\xampp\htdocs\ci4login\app\Views\errors\html\error_exception.php:100
Stack trace:
#0 [internal function]: CodeIgniter\Debug\Exceptions->errorHandler(2, 'print_r(): Prop...', 'C:\\xampp\\htdocs...', 100, Array)
#1 C:\xampp\htdocs\ci4login\app\Views\errors\html\error_exception.php(100): print_r(Object(App\Controllers\Komik), true)
#2 C:\xampp\htdocs\ci4login\vendor\codeigniter4\framework\system\Debug\Exceptions.php(308): include('C:\\xampp\\htdocs...')
#3 C:\xampp\htdocs\ci4login\vendor\codeigniter4\framework\system\Debug\Exceptions.php(174): CodeIgniter\Debug\Exceptions->render(Object(CodeIgniter\Database\Exceptions\DatabaseException), 500)
#4 [internal function]: CodeIgniter\Debug\Exceptions->exceptionHandler(Object(CodeIgniter\Database\Exceptions\DatabaseException))
#5 {main}
  thrown
#0 [internal function]: CodeIgniter\Debug\Exceptions->shutdownHandler()
#1 {main}
CRITICAL - 2020-10-30 01:39:03 --> Unable to connect to the database.
#0 C:\xampp\htdocs\ci4login\vendor\codeigniter4\framework\system\Database\BaseConnection.php(646): CodeIgniter\Database\BaseConnection->initialize()
#1 C:\xampp\htdocs\ci4login\vendor\codeigniter4\framework\system\Database\BaseBuilder.php(1860): CodeIgniter\Database\BaseConnection->query('SELECT *\nFROM `...', Array, false)
#2 C:\xampp\htdocs\ci4login\vendor\codeigniter4\framework\system\Model.php(462): CodeIgniter\Database\BaseBuilder->get()
#3 C:\xampp\htdocs\ci4login\app\Models\KomikModel.php(16): CodeIgniter\Model->findAll()
#4 C:\xampp\htdocs\ci4login\app\Controllers\Komik.php(21): App\Models\KomikModel->getKomik()
#5 C:\xampp\htdocs\ci4login\vendor\codeigniter4\framework\system\CodeIgniter.php(918): App\Controllers\Komik->index()
#6 C:\xampp\htdocs\ci4login\vendor\codeigniter4\framework\system\CodeIgniter.php(404): CodeIgniter\CodeIgniter->runController(Object(App\Controllers\Komik))
#7 C:\xampp\htdocs\ci4login\vendor\codeigniter4\framework\system\CodeIgniter.php(312): CodeIgniter\CodeIgniter->handleRequest(NULL, Object(Config\Cache), false)
#8 C:\xampp\htdocs\ci4login\public\index.php(45): CodeIgniter\CodeIgniter->run()
#9 C:\xampp\htdocs\ci4login\vendor\codeigniter4\framework\system\Commands\Server\rewrite.php(34): require_once('C:\\xampp\\htdocs...')
#10 {main}
CRITICAL - 2020-10-30 01:39:03 --> Uncaught ErrorException: print_r(): Property access is not allowed yet in C:\xampp\htdocs\ci4login\app\Views\errors\html\error_exception.php:100
Stack trace:
#0 [internal function]: CodeIgniter\Debug\Exceptions->errorHandler(2, 'print_r(): Prop...', 'C:\\xampp\\htdocs...', 100, Array)
#1 C:\xampp\htdocs\ci4login\app\Views\errors\html\error_exception.php(100): print_r(Object(App\Controllers\Komik), true)
#2 C:\xampp\htdocs\ci4login\vendor\codeigniter4\framework\system\Debug\Exceptions.php(308): include('C:\\xampp\\htdocs...')
#3 C:\xampp\htdocs\ci4login\vendor\codeigniter4\framework\system\Debug\Exceptions.php(174): CodeIgniter\Debug\Exceptions->render(Object(CodeIgniter\Database\Exceptions\DatabaseException), 500)
#4 [internal function]: CodeIgniter\Debug\Exceptions->exceptionHandler(Object(CodeIgniter\Database\Exceptions\DatabaseException))
#5 {main}
  thrown
#0 [internal function]: CodeIgniter\Debug\Exceptions->shutdownHandler()
#1 {main}
CRITICAL - 2020-10-30 01:39:14 --> Unable to connect to the database.
#0 C:\xampp\htdocs\ci4login\vendor\codeigniter4\framework\system\Database\BaseConnection.php(646): CodeIgniter\Database\BaseConnection->initialize()
#1 C:\xampp\htdocs\ci4login\vendor\codeigniter4\framework\system\Database\BaseBuilder.php(1860): CodeIgniter\Database\BaseConnection->query('SELECT *\nFROM `...', Array, false)
#2 C:\xampp\htdocs\ci4login\vendor\codeigniter4\framework\system\Model.php(462): CodeIgniter\Database\BaseBuilder->get()
#3 C:\xampp\htdocs\ci4login\app\Models\KomikModel.php(16): CodeIgniter\Model->findAll()
#4 C:\xampp\htdocs\ci4login\app\Controllers\Komik.php(21): App\Models\KomikModel->getKomik()
#5 C:\xampp\htdocs\ci4login\vendor\codeigniter4\framework\system\CodeIgniter.php(918): App\Controllers\Komik->index()
#6 C:\xampp\htdocs\ci4login\vendor\codeigniter4\framework\system\CodeIgniter.php(404): CodeIgniter\CodeIgniter->runController(Object(App\Controllers\Komik))
#7 C:\xampp\htdocs\ci4login\vendor\codeigniter4\framework\system\CodeIgniter.php(312): CodeIgniter\CodeIgniter->handleRequest(NULL, Object(Config\Cache), false)
#8 C:\xampp\htdocs\ci4login\public\index.php(45): CodeIgniter\CodeIgniter->run()
#9 C:\xampp\htdocs\ci4login\vendor\codeigniter4\framework\system\Commands\Server\rewrite.php(34): require_once('C:\\xampp\\htdocs...')
#10 {main}
CRITICAL - 2020-10-30 01:39:15 --> Uncaught ErrorException: print_r(): Property access is not allowed yet in C:\xampp\htdocs\ci4login\app\Views\errors\html\error_exception.php:100
Stack trace:
#0 [internal function]: CodeIgniter\Debug\Exceptions->errorHandler(2, 'print_r(): Prop...', 'C:\\xampp\\htdocs...', 100, Array)
#1 C:\xampp\htdocs\ci4login\app\Views\errors\html\error_exception.php(100): print_r(Object(App\Controllers\Komik), true)
#2 C:\xampp\htdocs\ci4login\vendor\codeigniter4\framework\system\Debug\Exceptions.php(308): include('C:\\xampp\\htdocs...')
#3 C:\xampp\htdocs\ci4login\vendor\codeigniter4\framework\system\Debug\Exceptions.php(174): CodeIgniter\Debug\Exceptions->render(Object(CodeIgniter\Database\Exceptions\DatabaseException), 500)
#4 [internal function]: CodeIgniter\Debug\Exceptions->exceptionHandler(Object(CodeIgniter\Database\Exceptions\DatabaseException))
#5 {main}
  thrown
#0 [internal function]: CodeIgniter\Debug\Exceptions->shutdownHandler()
#1 {main}
CRITICAL - 2020-10-30 02:57:04 --> Unable to connect to the database.
#0 C:\xampp\htdocs\ci4login\vendor\codeigniter4\framework\system\Database\BaseConnection.php(646): CodeIgniter\Database\BaseConnection->initialize()
#1 C:\xampp\htdocs\ci4login\vendor\codeigniter4\framework\system\Database\BaseBuilder.php(1860): CodeIgniter\Database\BaseConnection->query('SELECT *\nFROM `...', Array, false)
#2 C:\xampp\htdocs\ci4login\vendor\codeigniter4\framework\system\Model.php(462): CodeIgniter\Database\BaseBuilder->get()
#3 C:\xampp\htdocs\ci4login\app\Models\KomikModel.php(16): CodeIgniter\Model->findAll()
#4 C:\xampp\htdocs\ci4login\app\Controllers\Komik.php(21): App\Models\KomikModel->getKomik()
#5 C:\xampp\htdocs\ci4login\vendor\codeigniter4\framework\system\CodeIgniter.php(918): App\Controllers\Komik->index()
#6 C:\xampp\htdocs\ci4login\vendor\codeigniter4\framework\system\CodeIgniter.php(404): CodeIgniter\CodeIgniter->runController(Object(App\Controllers\Komik))
#7 C:\xampp\htdocs\ci4login\vendor\codeigniter4\framework\system\CodeIgniter.php(312): CodeIgniter\CodeIgniter->handleRequest(NULL, Object(Config\Cache), false)
#8 C:\xampp\htdocs\ci4login\public\index.php(45): CodeIgniter\CodeIgniter->run()
#9 C:\xampp\htdocs\ci4login\vendor\codeigniter4\framework\system\Commands\Server\rewrite.php(34): require_once('C:\\xampp\\htdocs...')
#10 {main}
CRITICAL - 2020-10-30 02:57:04 --> Uncaught ErrorException: print_r(): Property access is not allowed yet in C:\xampp\htdocs\ci4login\app\Views\errors\html\error_exception.php:100
Stack trace:
#0 [internal function]: CodeIgniter\Debug\Exceptions->errorHandler(2, 'print_r(): Prop...', 'C:\\xampp\\htdocs...', 100, Array)
#1 C:\xampp\htdocs\ci4login\app\Views\errors\html\error_exception.php(100): print_r(Object(App\Controllers\Komik), true)
#2 C:\xampp\htdocs\ci4login\vendor\codeigniter4\framework\system\Debug\Exceptions.php(308): include('C:\\xampp\\htdocs...')
#3 C:\xampp\htdocs\ci4login\vendor\codeigniter4\framework\system\Debug\Exceptions.php(174): CodeIgniter\Debug\Exceptions->render(Object(CodeIgniter\Database\Exceptions\DatabaseException), 500)
#4 [internal function]: CodeIgniter\Debug\Exceptions->exceptionHandler(Object(CodeIgniter\Database\Exceptions\DatabaseException))
#5 {main}
  thrown
#0 [internal function]: CodeIgniter\Debug\Exceptions->shutdownHandler()
#1 {main}
